Using pre-set license
Built from '2020.3/staging' branch; Version is '2020.3.9f1 (108be757e447) revision 1084391'; Using compiler version '192528614'; Build Type 'Release'
OS: 'Windows 10 Home; OS build 19042.1348; Version 2009; 64bit' Language: 'en' Physical Memory: 16252 MB
BatchMode: 1, IsHumanControllingUs: 0, StartBugReporterOnCrash: 0, Is64bit: 1, IsPro: 0

 COMMAND LINE ARGUMENTS:
C:\Program Files\Unity\Hub\Editor\2020.3.9f1\Editor\Unity.exe
-adb2
-batchMode
-noUpm
-name
AssetImportWorker0
-projectPath
D:/OneDrive/Documents/CollegeUnity/MtFirstScene/Johnny_MyFirstScene
-logFile
Logs/AssetImportWorker0.log
-srvPort
56491
Successfully changed project path to: D:/OneDrive/Documents/CollegeUnity/MtFirstScene/Johnny_MyFirstScene
D:/OneDrive/Documents/CollegeUnity/MtFirstScene/Johnny_MyFirstScene
Using Asset Import Pipeline V2.
Refreshing native plugins compatible for Editor in 40.46 ms, found 0 plugins.
Preloading 0 native plugins for Editor in 0.00 ms.
Initialize engine version: 2020.3.9f1 (108be757e447)
[Subsystems] Discovering subsystems at path C:/Program Files/Unity/Hub/Editor/2020.3.9f1/Editor/Data/Resources/UnitySubsystems
[Subsystems] Discovering subsystems at path D:/OneDrive/Documents/CollegeUnity/MtFirstScene/Johnny_MyFirstScene/Assets
GfxDevice: creating device client; threaded=0
Direct3D:
    Version:  Direct3D 11.0 [level 11.1]
    Renderer: NVIDIA GeForce GTX 1660 Ti (ID=0x2191)
    Vendor:   
    VRAM:     5991 MB
    Driver:   27.21.14.5749
Initialize mono
Mono path[0] = 'C:/Program Files/Unity/Hub/Editor/2020.3.9f1/Editor/Data/Managed'
Mono path[1] = 'C:/Program Files/Unity/Hub/Editor/2020.3.9f1/Editor/Data/MonoBleedingEdge/lib/mono/unityjit'
Mono config path = 'C:/Program Files/Unity/Hub/Editor/2020.3.9f1/Editor/Data/MonoBleedingEdge/etc'
Using monoOptions --debugger-agent=transport=dt_socket,embedding=1,server=y,suspend=n,address=127.0.0.1:56628
Begin MonoManager ReloadAssembly
Registering precompiled unity dll's ...
Register platform support module: C:/Program Files/Unity/Hub/Editor/2020.3.9f1/Editor/Data/PlaybackEngines/WindowsStandaloneSupport/UnityEditor.WindowsStandalone.Extensions.dll
Registered in 0.003214 seconds.
Native extension for WindowsStandalone target not found
Refreshing native plugins compatible for Editor in 28.38 ms, found 0 plugins.
Preloading 0 native plugins for Editor in 0.00 ms.
Mono: successfully reloaded assembly
- Completed reload, in  2.793 seconds
Platform modules already initialized, skipping
Registering precompiled user dll's ...
Registered in 0.001081 seconds.
Begin MonoManager ReloadAssembly
Native extension for WindowsStandalone target not found
Refreshing native plugins compatible for Editor in 0.34 ms, found 0 plugins.
Preloading 0 native plugins for Editor in 0.00 ms.
Mono: successfully reloaded assembly
- Completed reload, in  1.122 seconds
Platform modules already initialized, skipping
========================================================================
Worker process is ready to serve import requests
Launched and connected shader compiler UnityShaderCompiler.exe after 0.06 seconds
Refreshing native plugins compatible for Editor in 0.31 ms, found 0 plugins.
Preloading 0 native plugins for Editor in 0.00 ms.
Unloading 1115 Unused Serialized files (Serialized files now loaded: 0)
System memory in use before: 57.5 MB.
System memory in use after: 57.5 MB.

Unloading 10 unused Assets to reduce memory usage. Loaded Objects now: 1557.
Total: 2.147400 ms (FindLiveObjects: 0.135200 ms CreateObjectMapping: 0.053100 ms MarkObjects: 1.867300 ms  DeleteObjects: 0.090800 ms)

========================================================================
Received Import Request.
  path: Assets/Johnny_Building3.fbx
  artifactKey: Guid(e46d21a18378fdf439592fc9cb09d380) Importer(815301076,1909f56bfc062723c751e8b465ee728b)
Start importing Assets/Johnny_Building3.fbx using Guid(e46d21a18378fdf439592fc9cb09d380) Importer(815301076,1909f56bfc062723c751e8b465ee728b)  -> (artifact id: '32c03934f63ce552f1265d3fd91f0f72') in 0.654152 seconds
  Import took 0.750789 seconds .

========================================================================
Received Import Request.
  Time since last request: 13.005609 seconds.
  path: Assets
  artifactKey: Guid(00000000000000001000000000000000) Importer(815301076,1909f56bfc062723c751e8b465ee728b)
Start importing Assets using Guid(00000000000000001000000000000000) Importer(815301076,1909f56bfc062723c751e8b465ee728b)  -> (artifact id: '42d402b061de3733987d63b9cc3b64de') in 0.002803 seconds
  Import took 0.073244 seconds .

========================================================================
Received Import Request.
  Time since last request: 10.521400 seconds.
  path: Assets/Textures
  artifactKey: Guid(487ab7f0de187a24fb6ae8208554e15b) Importer(815301076,1909f56bfc062723c751e8b465ee728b)
Start importing Assets/Textures using Guid(487ab7f0de187a24fb6ae8208554e15b) Importer(815301076,1909f56bfc062723c751e8b465ee728b)  -> (artifact id: '04b6bb23d44164f6445a1d58c9ae39b1') in 0.003550 seconds
  Import took 0.049076 seconds .

========================================================================
Received Import Request.
  Time since last request: 6.604827 seconds.
  path: Assets/Textures/TexturesCom_Wood_LogWall_Aged_512_ao.tif
  artifactKey: Guid(2555eeead7206a243b00be30cc6d262a) Importer(815301076,1909f56bfc062723c751e8b465ee728b)
Start importing Assets/Textures/TexturesCom_Wood_LogWall_Aged_512_ao.tif using Guid(2555eeead7206a243b00be30cc6d262a) Importer(815301076,1909f56bfc062723c751e8b465ee728b)  -> (artifact id: 'a5e62b1053ce3da351ef1cc0a5b87279') in 0.044089 seconds
  Import took 0.048967 seconds .

========================================================================
Received Import Request.
  Time since last request: 0.005233 seconds.
  path: Assets/Textures/TexturesCom_Wood_PlanksOld_512_albedo.tif
  artifactKey: Guid(8ad2403abf1071248a082d53a071cb27) Importer(815301076,1909f56bfc062723c751e8b465ee728b)
Start importing Assets/Textures/TexturesCom_Wood_PlanksOld_512_albedo.tif using Guid(8ad2403abf1071248a082d53a071cb27) Importer(815301076,1909f56bfc062723c751e8b465ee728b)  -> (artifact id: '842dac4d7facc013643a6b8fb09a1d9f') in 0.012682 seconds
  Import took 0.016979 seconds .

========================================================================
Received Import Request.
  Time since last request: 0.000283 seconds.
  path: Assets/Textures/TexturesCom_Wood_PlanksOld_512_roughness.tif
  artifactKey: Guid(3a646540bf83cdd41975d81e9e04632b) Importer(815301076,1909f56bfc062723c751e8b465ee728b)
Start importing Assets/Textures/TexturesCom_Wood_PlanksOld_512_roughness.tif using Guid(3a646540bf83cdd41975d81e9e04632b) Importer(815301076,1909f56bfc062723c751e8b465ee728b)  -> (artifact id: '117084b613dc4477869967c8db88ba5e') in 0.011970 seconds
  Import took 0.094210 seconds .

========================================================================
Received Import Request.
  Time since last request: 0.000396 seconds.
  path: Assets/Textures/TexturesCom_Wood_LogWall_Aged_512_roughness.tif
  artifactKey: Guid(5dab013035d7afa43bdd2b1dba991976) Importer(815301076,1909f56bfc062723c751e8b465ee728b)
Start importing Assets/Textures/TexturesCom_Wood_LogWall_Aged_512_roughness.tif using Guid(5dab013035d7afa43bdd2b1dba991976) Importer(815301076,1909f56bfc062723c751e8b465ee728b)  -> (artifact id: 'c9d44a21f255971a07b533e51e71a091') in 0.009902 seconds
  Import took 0.015890 seconds .

========================================================================
Received Import Request.
  Time since last request: 0.000366 seconds.
  path: Assets/Textures/TexturesCom_Wood_LogWall_Aged_512_normal.tif
  artifactKey: Guid(a708eb820c3b6c8448818e466286627f) Importer(815301076,1909f56bfc062723c751e8b465ee728b)
Start importing Assets/Textures/TexturesCom_Wood_LogWall_Aged_512_normal.tif using Guid(a708eb820c3b6c8448818e466286627f) Importer(815301076,1909f56bfc062723c751e8b465ee728b)  -> (artifact id: '40fb0f33754eb8ef6eddc1440b8b8a14') in 0.013482 seconds
  Import took 0.020361 seconds .

========================================================================
Received Import Request.
  Time since last request: 0.000357 seconds.
  path: Assets/Textures/TexturesCom_Wood_PlanksOld_512_normal.tif
  artifactKey: Guid(2847636266c3fbe4e9b101bdb77606ae) Importer(815301076,1909f56bfc062723c751e8b465ee728b)
Start importing Assets/Textures/TexturesCom_Wood_PlanksOld_512_normal.tif using Guid(2847636266c3fbe4e9b101bdb77606ae) Importer(815301076,1909f56bfc062723c751e8b465ee728b)  -> (artifact id: '64967a2b2609017790aec4f411d05e56') in 0.012411 seconds
  Import took 0.026902 seconds .

========================================================================
Received Import Request.
  Time since last request: 0.000314 seconds.
  path: Assets/Textures/TexturesCom_Wood_PlanksOld_512_height.tif
  artifactKey: Guid(bee55636b34edd240beecdf5791ee11f) Importer(815301076,1909f56bfc062723c751e8b465ee728b)
Start importing Assets/Textures/TexturesCom_Wood_PlanksOld_512_height.tif using Guid(bee55636b34edd240beecdf5791ee11f) Importer(815301076,1909f56bfc062723c751e8b465ee728b)  -> (artifact id: 'fc934af298104848c8f2f4537fb79445') in 0.012979 seconds
  Import took 0.033328 seconds .

========================================================================
Received Import Request.
  Time since last request: 0.000288 seconds.
  path: Assets/Textures/TexturesCom_Wood_LogWall_Aged_512_height.tif
  artifactKey: Guid(75e58ab9a1d9acc40855ff2eba295a7e) Importer(815301076,1909f56bfc062723c751e8b465ee728b)
Start importing Assets/Textures/TexturesCom_Wood_LogWall_Aged_512_height.tif using Guid(75e58ab9a1d9acc40855ff2eba295a7e) Importer(815301076,1909f56bfc062723c751e8b465ee728b)  -> (artifact id: '13696b0a4f92ffdbc841e108ed9478c0') in 0.010227 seconds
  Import took 0.014140 seconds .

========================================================================
Received Import Request.
  Time since last request: 237.280745 seconds.
  path: Assets/Johnny_Building3.fbx
  artifactKey: Guid(e46d21a18378fdf439592fc9cb09d380) Importer(815301076,1909f56bfc062723c751e8b465ee728b)
Start importing Assets/Johnny_Building3.fbx using Guid(e46d21a18378fdf439592fc9cb09d380) Importer(815301076,1909f56bfc062723c751e8b465ee728b)  -> (artifact id: '9d6a5bc2a82212143a96d8d13b8fb50d') in 0.088225 seconds
  Import took 0.094662 seconds .

========================================================================
Received Import Request.
  Time since last request: 113.484497 seconds.
  path: Assets/Textures/TexturesCom_Wood_LogWall_Aged_1K_albedo.tif
  artifactKey: Guid(874d09c55d7d60d4a899cc4d02cd5b11) Importer(815301076,1909f56bfc062723c751e8b465ee728b)
Start importing Assets/Textures/TexturesCom_Wood_LogWall_Aged_1K_albedo.tif using Guid(874d09c55d7d60d4a899cc4d02cd5b11) Importer(815301076,1909f56bfc062723c751e8b465ee728b)  -> (artifact id: 'ca1a3db1571ae022ba84dfdf2fe54a82') in 0.012171 seconds
  Import took 0.018235 seconds .

========================================================================
Received Import Request.
  Time since last request: 31.972317 seconds.
  path: Assets/Materials
  artifactKey: Guid(32172c0da4c0f1c44b247a543a8873cc) Importer(815301076,1909f56bfc062723c751e8b465ee728b)
Start importing Assets/Materials using Guid(32172c0da4c0f1c44b247a543a8873cc) Importer(815301076,1909f56bfc062723c751e8b465ee728b)  -> (artifact id: '38a6ab1ed840b5eace930ec4cdc64f16') in 0.003456 seconds
  Import took 0.008058 seconds .

========================================================================
Received Import Request.
  Time since last request: 17.990094 seconds.
  path: Assets/Materials/Logs.mat
  artifactKey: Guid(8c77db56d2bf3fd40ab25be262cde872) Importer(815301076,1909f56bfc062723c751e8b465ee728b)
Start importing Assets/Materials/Logs.mat using Guid(8c77db56d2bf3fd40ab25be262cde872) Importer(815301076,1909f56bfc062723c751e8b465ee728b)  -> (artifact id: '312ea32d6bdb4934da90a31e3167bca9') in 0.017386 seconds
  Import took 0.022665 seconds .

========================================================================
Received Import Request.
  Time since last request: 636.219276 seconds.
  path: Assets/Textures/TexturesCom_Wood_LogWall_Aged_512_normal.tif
  artifactKey: Guid(a708eb820c3b6c8448818e466286627f) Importer(815301076,1909f56bfc062723c751e8b465ee728b)
Start importing Assets/Textures/TexturesCom_Wood_LogWall_Aged_512_normal.tif using Guid(a708eb820c3b6c8448818e466286627f) Importer(815301076,1909f56bfc062723c751e8b465ee728b)  -> (artifact id: '595881d833dfe8f462a68168b0b532a8') in 0.026761 seconds
  Import took 0.034576 seconds .

========================================================================
Received Import Request.
  Time since last request: 36.303757 seconds.
  path: Assets/Johnny_Building3.fbx
  artifactKey: Guid(e46d21a18378fdf439592fc9cb09d380) Importer(815301076,1909f56bfc062723c751e8b465ee728b)
Start importing Assets/Johnny_Building3.fbx using Guid(e46d21a18378fdf439592fc9cb09d380) Importer(815301076,1909f56bfc062723c751e8b465ee728b)  -> (artifact id: 'e67e1b811aaf5874a73dbba591c6dbc8') in 0.113281 seconds
  Import took 0.119681 seconds .

========================================================================
Received Import Request.
  Time since last request: 81.914971 seconds.
  path: Assets/Materials/Planks.mat
  artifactKey: Guid(99024ab4c73825b458633528ebcd41bf) Importer(815301076,1909f56bfc062723c751e8b465ee728b)
Start importing Assets/Materials/Planks.mat using Guid(99024ab4c73825b458633528ebcd41bf) Importer(815301076,1909f56bfc062723c751e8b465ee728b)  -> (artifact id: 'ef94053a88f39d8c02993bc9cc81dfe6') in 0.009922 seconds
  Import took 0.014283 seconds .

========================================================================
Received Import Request.
  Time since last request: 12.515837 seconds.
  path: Assets/Textures/TexturesCom_Wood_PlanksOld_512_normal.tif
  artifactKey: Guid(2847636266c3fbe4e9b101bdb77606ae) Importer(815301076,1909f56bfc062723c751e8b465ee728b)
Start importing Assets/Textures/TexturesCom_Wood_PlanksOld_512_normal.tif using Guid(2847636266c3fbe4e9b101bdb77606ae) Importer(815301076,1909f56bfc062723c751e8b465ee728b)  -> (artifact id: '8917b8b1e7a55c2890b1b2f5c8d003fa') in 0.033849 seconds
  Import took 0.038031 seconds .

========================================================================
Received Import Request.
  Time since last request: 62.961674 seconds.
  path: Packages/com.unity.collab-proxy/Editor/Assets/Icons/added-file-dark.png
  artifactKey: Guid(1a4f52b613391cd449af3ad2e44affeb) Importer(815301076,1909f56bfc062723c751e8b465ee728b)
Start importing Packages/com.unity.collab-proxy/Editor/Assets/Icons/added-file-dark.png using Guid(1a4f52b613391cd449af3ad2e44affeb) Importer(815301076,1909f56bfc062723c751e8b465ee728b)  -> (artifact id: 'b6c50c6b02d9b73c5e2e4a85549794a4') in 0.078586 seconds
  Import took 0.082841 seconds .

========================================================================
Received Import Request.
  Time since last request: 0.000384 seconds.
  path: Packages/com.unity.collab-proxy/Editor/Assets/Icons/back-light@2x.png
  artifactKey: Guid(f5c57327df0fa294c8209aa216435167) Importer(815301076,1909f56bfc062723c751e8b465ee728b)
Start importing Packages/com.unity.collab-proxy/Editor/Assets/Icons/back-light@2x.png using Guid(f5c57327df0fa294c8209aa216435167) Importer(815301076,1909f56bfc062723c751e8b465ee728b)  -> (artifact id: '9126f2c6a09177ddfe777bcef538ff86') in 0.035772 seconds
  Import took 0.039998 seconds .

========================================================================
Received Import Request.
  Time since last request: 0.000309 seconds.
  path: Packages/com.unity.collab-proxy/Editor/Assets/Icons/back-dark.png
  artifactKey: Guid(8e3ec2dfd58b79842aa78376678a9a05) Importer(815301076,1909f56bfc062723c751e8b465ee728b)
Start importing Packages/com.unity.collab-proxy/Editor/Assets/Icons/back-dark.png using Guid(8e3ec2dfd58b79842aa78376678a9a05) Importer(815301076,1909f56bfc062723c751e8b465ee728b)  -> (artifact id: '6418a2c11981f0acf802666f81ff2714') in 0.085214 seconds
  Import took 0.089399 seconds .

========================================================================
Received Import Request.
  Time since last request: 0.000310 seconds.
  path: Packages/com.unity.collab-proxy/Editor/Assets/Icons/back-dark@2x.png
  artifactKey: Guid(9c6313a5316f8a34b852bf94ff96e3ab) Importer(815301076,1909f56bfc062723c751e8b465ee728b)
Start importing Packages/com.unity.collab-proxy/Editor/Assets/Icons/back-dark@2x.png using Guid(9c6313a5316f8a34b852bf94ff96e3ab) Importer(815301076,1909f56bfc062723c751e8b465ee728b)  -> (artifact id: '626b8d703df2186d7c867ee863820d3e') in 0.033599 seconds
  Import took 0.037996 seconds .

========================================================================
Received Import Request.
  Time since last request: 0.000317 seconds.
  path: Packages/com.unity.collab-proxy/Editor/Assets/Icons/added-file-dark@2x.png
  artifactKey: Guid(c223e0c507e2c6549a2cb97441b62cbe) Importer(815301076,1909f56bfc062723c751e8b465ee728b)
Start importing Packages/com.unity.collab-proxy/Editor/Assets/Icons/added-file-dark@2x.png using Guid(c223e0c507e2c6549a2cb97441b62cbe) Importer(815301076,1909f56bfc062723c751e8b465ee728b)  -> (artifact id: 'f9424499d8ed03e8df785259fedae1b3') in 0.021411 seconds
  Import took 0.025440 seconds .

========================================================================
Received Import Request.
  Time since last request: 0.000497 seconds.
  path: Packages/com.unity.collab-proxy/Editor/Assets/Icons/added-file-light@2x.png
  artifactKey: Guid(ec2e3aa6d0ab8ce4eac29b56d65d61d5) Importer(815301076,1909f56bfc062723c751e8b465ee728b)
Start importing Packages/com.unity.collab-proxy/Editor/Assets/Icons/added-file-light@2x.png using Guid(ec2e3aa6d0ab8ce4eac29b56d65d61d5) Importer(815301076,1909f56bfc062723c751e8b465ee728b)  -> (artifact id: 'a4de0a7a5e4ce4511bc09095573cae8b') in 0.029166 seconds
  Import took 0.034359 seconds .

========================================================================
Received Import Request.
  Time since last request: 0.000380 seconds.
  path: Packages/com.unity.collab-proxy/Editor/Assets/Icons/back-light.png
  artifactKey: Guid(e676ab7aa99535447a763c9f88bf9260) Importer(815301076,1909f56bfc062723c751e8b465ee728b)
Start importing Packages/com.unity.collab-proxy/Editor/Assets/Icons/back-light.png using Guid(e676ab7aa99535447a763c9f88bf9260) Importer(815301076,1909f56bfc062723c751e8b465ee728b)  -> (artifact id: '31b0a8c754a76bc310ba5fbde663e255') in 0.028526 seconds
  Import took 0.032799 seconds .

========================================================================
Received Import Request.
  Time since last request: 0.000292 seconds.
  path: Packages/com.unity.collab-proxy/Editor/Assets/Icons/added-file-light.png
  artifactKey: Guid(397fff6c3885f8343bb65714f0064b5d) Importer(815301076,1909f56bfc062723c751e8b465ee728b)
Start importing Packages/com.unity.collab-proxy/Editor/Assets/Icons/added-file-light.png using Guid(397fff6c3885f8343bb65714f0064b5d) Importer(815301076,1909f56bfc062723c751e8b465ee728b)  -> (artifact id: 'c673a4f73ecb39b34c0c364ab5d41a87') in 0.044435 seconds
  Import took 0.047682 seconds .

========================================================================
Received Import Request.
  Time since last request: 432.186376 seconds.
  path: Assets/Johnny_Building3.fbx
  artifactKey: Guid(e46d21a18378fdf439592fc9cb09d380) Importer(815301076,1909f56bfc062723c751e8b465ee728b)
Start importing Assets/Johnny_Building3.fbx using Guid(e46d21a18378fdf439592fc9cb09d380) Importer(815301076,1909f56bfc062723c751e8b465ee728b)  -> (artifact id: '7fd1a0e5144d4b22b395dd40450fa193') in 0.086894 seconds
  Import took 0.093984 seconds .

========================================================================
Received Import Request.
  Time since last request: 25.762194 seconds.
  path: Assets/Johnny_Building3.fbx
  artifactKey: Guid(e46d21a18378fdf439592fc9cb09d380) Importer(815301076,1909f56bfc062723c751e8b465ee728b)
Start importing Assets/Johnny_Building3.fbx using Guid(e46d21a18378fdf439592fc9cb09d380) Importer(815301076,1909f56bfc062723c751e8b465ee728b)  -> (artifact id: '81cc8bea11bcdbcb67cf22e01ef94eac') in 0.108691 seconds
  Import took 0.112962 seconds .

========================================================================
Received Import Request.
  Time since last request: 223.324455 seconds.
  path: Assets/Textures/TexturesCom_Wood_CompositeDecking3_1K_albedo.tif
  artifactKey: Guid(9b7843df9cba92d408b65869e409b365) Importer(815301076,1909f56bfc062723c751e8b465ee728b)
Start importing Assets/Textures/TexturesCom_Wood_CompositeDecking3_1K_albedo.tif using Guid(9b7843df9cba92d408b65869e409b365) Importer(815301076,1909f56bfc062723c751e8b465ee728b)  -> (artifact id: 'cce89d97316f8f09d79f7a3d26dda67a') in 0.012008 seconds
  Import took 0.015778 seconds .

========================================================================
Received Import Request.
  Time since last request: 0.000456 seconds.
  path: Assets/Textures/TexturesCom_Wood_CompositeDecking3_1K_roughness.tif
  artifactKey: Guid(f464b10a31df0d34c8365b4299eb57b0) Importer(815301076,1909f56bfc062723c751e8b465ee728b)
Start importing Assets/Textures/TexturesCom_Wood_CompositeDecking3_1K_roughness.tif using Guid(f464b10a31df0d34c8365b4299eb57b0) Importer(815301076,1909f56bfc062723c751e8b465ee728b)  -> (artifact id: '14b338e061a682b3e1af0b0008613b4f') in 0.009398 seconds
  Import took 0.013499 seconds .

========================================================================
Received Import Request.
  Time since last request: 0.000432 seconds.
  path: Assets/Textures/TexturesCom_Wood_CompositeDecking3_1K_normal.tif
  artifactKey: Guid(80b046219cbab5c48aec797d6cbc0ed8) Importer(815301076,1909f56bfc062723c751e8b465ee728b)
Start importing Assets/Textures/TexturesCom_Wood_CompositeDecking3_1K_normal.tif using Guid(80b046219cbab5c48aec797d6cbc0ed8) Importer(815301076,1909f56bfc062723c751e8b465ee728b)  -> (artifact id: '9ed77add5042eecb1248833777ac3688') in 0.011336 seconds
  Import took 0.015962 seconds .

========================================================================
Received Import Request.
  Time since last request: 37.569923 seconds.
  path: Assets/Materials/Planks2.mat
  artifactKey: Guid(68abc5270483ba6409518f4cf361a3cc) Importer(815301076,1909f56bfc062723c751e8b465ee728b)
Start importing Assets/Materials/Planks2.mat using Guid(68abc5270483ba6409518f4cf361a3cc) Importer(815301076,1909f56bfc062723c751e8b465ee728b)  -> (artifact id: '00783ca50da749f8c322ab5408833a85') in 0.010003 seconds
  Import took 0.013569 seconds .

========================================================================
Received Import Request.
  Time since last request: 13.232077 seconds.
  path: Assets/Textures/TexturesCom_Wood_CompositeDecking3_1K_normal.tif
  artifactKey: Guid(80b046219cbab5c48aec797d6cbc0ed8) Importer(815301076,1909f56bfc062723c751e8b465ee728b)
Start importing Assets/Textures/TexturesCom_Wood_CompositeDecking3_1K_normal.tif using Guid(80b046219cbab5c48aec797d6cbc0ed8) Importer(815301076,1909f56bfc062723c751e8b465ee728b)  -> (artifact id: '94fc46d514eafdded7c53f881d896bfe') in 0.010725 seconds
  Import took 0.014024 seconds .

========================================================================
Received Import Request.
  Time since last request: 23.257467 seconds.
  path: Assets/Johnny_Building3.fbx
  artifactKey: Guid(e46d21a18378fdf439592fc9cb09d380) Importer(815301076,1909f56bfc062723c751e8b465ee728b)
Start importing Assets/Johnny_Building3.fbx using Guid(e46d21a18378fdf439592fc9cb09d380) Importer(815301076,1909f56bfc062723c751e8b465ee728b)  -> (artifact id: '45d80c74c55954dc0c3f052cb17d3888') in 0.064966 seconds
  Import took 0.068875 seconds .

========================================================================
Received Import Request.
  Time since last request: 2037.692288 seconds.
  path: Assets/Textures/TexturesCom_Wood_PlanksOld_512_MetalicSmoothnes.tif
  artifactKey: Guid(e77bffb66fc6f814a9fd0562db967db2) Importer(815301076,1909f56bfc062723c751e8b465ee728b)
Start importing Assets/Textures/TexturesCom_Wood_PlanksOld_512_MetalicSmoothnes.tif using Guid(e77bffb66fc6f814a9fd0562db967db2) Importer(815301076,1909f56bfc062723c751e8b465ee728b)  -> (artifact id: 'f08ed8cd602c84b7fc47df21a8a00847') in 0.025561 seconds
  Import took 0.090626 seconds .

